<?xml version="1.0" encoding="UTF-8"?>
<testsuite name="rspec" tests="360" skipped="4" failures="34" errors="0" time="386.684760" timestamp="2023-01-10T19:59:27+09:00" hostname="cf26756d8923">
<properties>
<property name="seed" value="35806"/>
</properties>
<testcase classname="spec.components.flash_component_spec" name="Flash::Component add some examples to (or delete) /coffee-oma/spec/components/flash_component_spec.rb" file="./spec/components/flash_component_spec.rb" time="0.000034"><skipped/></testcase>
<testcase classname="spec.components.follow_button_component_spec" name="FollowButton::Component add some examples to (or delete) /coffee-oma/spec/components/follow_button_component_spec.rb" file="./spec/components/follow_button_component_spec.rb" time="0.000009"><skipped/></testcase>
<testcase classname="spec.components.follw_notification_component_spec" name="FollwNotification::Component renders a follow notification" file="./spec/components/follw_notification_component_spec.rb" time="0.348759"></testcase>
<testcase classname="spec.components.follw_notification_component_spec" name="FollwNotification::Component renders a follow notification(nil)" file="./spec/components/follw_notification_component_spec.rb" time="0.006697"></testcase>
<testcase classname="spec.components.like_button_component_spec" name="LikeButton::Component add some examples to (or delete) /coffee-oma/spec/components/like_button_component_spec.rb" file="./spec/components/like_button_component_spec.rb" time="0.000042"><skipped/></testcase>
<testcase classname="spec.components.like_notification_component_spec" name="LikeNotification::Component renders a follow notification" file="./spec/components/like_notification_component_spec.rb" time="0.998382"></testcase>
<testcase classname="spec.components.like_notification_component_spec" name="LikeNotification::Component renders a follow notification(nil)" file="./spec/components/like_notification_component_spec.rb" time="0.006457"></testcase>
<testcase classname="spec.components.message_component_spec" name="Message::Component renders a component" file="./spec/components/message_component_spec.rb" time="0.560773"></testcase>
<testcase classname="spec.components.message_notification_component_spec" name="MessageNotification::Component renders a follow notification" file="./spec/components/message_notification_component_spec.rb" time="0.354445"></testcase>
<testcase classname="spec.components.message_notification_component_spec" name="MessageNotification::Component renders a follow notification(nil)" file="./spec/components/message_notification_component_spec.rb" time="0.005620"></testcase>
<testcase classname="spec.components.report_modal_component_spec" name="ReportModal::Component renders the component" file="./spec/components/report_modal_component_spec.rb" time="0.021129"></testcase>
<testcase classname="spec.components.review_form_component_spec" name="ReviewForm::Component renders the review form" file="./spec/components/review_form_component_spec.rb" time="0.613459"></testcase>
<testcase classname="spec.components.review_like_button_component_spec" name="ReviewLikeButton::Component add some examples to (or delete) /coffee-oma/spec/components/review_like_button_component_spec.rb" file="./spec/components/review_like_button_component_spec.rb" time="0.000014"><skipped/></testcase>
<testcase classname="spec.components.sidebar_component_spec" name="Sidebar::Component render the sidebar(not login)" file="./spec/components/sidebar_component_spec.rb" time="0.030697"></testcase>
<testcase classname="spec.components.sidebar_component_spec" name="Sidebar::Component render the sidebar(login)" file="./spec/components/sidebar_component_spec.rb" time="0.158288"></testcase>
<testcase classname="spec.components.tag_table_form_component_spec" name="TagTableForm::Component renders a form(product)" file="./spec/components/tag_table_form_component_spec.rb" time="0.374472"></testcase>
<testcase classname="spec.components.tag_table_form_component_spec" name="TagTableForm::Component renders a form(product, signed)" file="./spec/components/tag_table_form_component_spec.rb" time="0.439919"></testcase>
<testcase classname="spec.components.tag_table_form_component_spec" name="TagTableForm::Component renders a form(bean)" file="./spec/components/tag_table_form_component_spec.rb" time="0.385803"></testcase>
<testcase classname="spec.components.tag_table_form_component_spec" name="TagTableForm::Component renders a form(bean , signed)" file="./spec/components/tag_table_form_component_spec.rb" time="0.358072"></testcase>
<testcase classname="spec.components.top_menu_component_spec" name="TopMenu::Component render the top menu(not login)" file="./spec/components/top_menu_component_spec.rb" time="0.155833"></testcase>
<testcase classname="spec.components.top_menu_component_spec" name="TopMenu::Component render the top menu(login)" file="./spec/components/top_menu_component_spec.rb" time="0.274904"></testcase>
<testcase classname="spec.jobs.create_history_job_spec" name="create_history #perform_later enqueue job" file="./spec/jobs/create_history_job_spec.rb" time="0.426076"></testcase>
<testcase classname="spec.jobs.create_history_job_spec" name="create_history #perform_later create history" file="./spec/jobs/create_history_job_spec.rb" time="0.418618"></testcase>
<testcase classname="spec.jobs.delete_review_job_spec" name="delete_review perform_later enqueue job" file="./spec/jobs/delete_review_job_spec.rb" time="0.732308"></testcase>
<testcase classname="spec.jobs.delete_review_job_spec" name="delete_review perform_later delete review" file="./spec/jobs/delete_review_job_spec.rb" time="0.524821"></testcase>
<testcase classname="spec.jobs.history_clean_job_spec" name="history_clean perfore_later enqueue job" file="./spec/jobs/history_clean_job_spec.rb" time="0.017504"></testcase>
<testcase classname="spec.jobs.history_clean_job_spec" name="history_clean perfore_later history delete" file="./spec/jobs/history_clean_job_spec.rb" time="0.780513"></testcase>
<testcase classname="spec.mailers.contact_mailer_spec" name="ContactMailer contact contact_mail send mail" file="./spec/mailers/contact_mailer_spec.rb" time="0.047023"></testcase>
<testcase classname="spec.mailers.contact_mailer_spec" name="ContactMailer contact reply_mail send mail" file="./spec/mailers/contact_mailer_spec.rb" time="0.021191"></testcase>
<testcase classname="spec.models.bean_review_spec" name="BeanReview get show reviews" file="./spec/models/bean_review_spec.rb" time="0.570376"></testcase>
<testcase classname="spec.models.bean_review_spec" name="BeanReview get unreported reviews" file="./spec/models/bean_review_spec.rb" time="0.607711"></testcase>
<testcase classname="spec.models.bean_review_spec" name="BeanReview get rates average" file="./spec/models/bean_review_spec.rb" time="0.358473"></testcase>
<testcase classname="spec.models.bean_review_spec" name="BeanReview validation valid is valid with a rates for 1" file="./spec/models/bean_review_spec.rb" time="0.459837"></testcase>
<testcase classname="spec.models.bean_review_spec" name="BeanReview validation valid is valid with a rates for 5" file="./spec/models/bean_review_spec.rb" time="0.464819"></testcase>
<testcase classname="spec.models.bean_review_spec" name="BeanReview validation invalid is invalid with a title" file="./spec/models/bean_review_spec.rb" time="0.415985"></testcase>
<testcase classname="spec.models.bean_review_spec" name="BeanReview validation invalid is invalid with a content" file="./spec/models/bean_review_spec.rb" time="0.458529"></testcase>
<testcase classname="spec.models.bean_review_spec" name="BeanReview validation invalid is invalid with a rates" file="./spec/models/bean_review_spec.rb" time="0.435679"></testcase>
<testcase classname="spec.models.bean_review_spec" name="BeanReview validation invalid is invalid with a rates for 0" file="./spec/models/bean_review_spec.rb" time="0.419429"></testcase>
<testcase classname="spec.models.bean_review_spec" name="BeanReview validation invalid is invalid with a rates for 6" file="./spec/models/bean_review_spec.rb" time="0.384330"></testcase>
<testcase classname="spec.models.bean_spec" name="Bean is invalid with a name" file="./spec/models/bean_spec.rb" time="0.260162"></testcase>
<testcase classname="spec.models.bean_spec" name="Bean is invalid with a country" file="./spec/models/bean_spec.rb" time="0.284958"></testcase>
<testcase classname="spec.models.bean_spec" name="Bean is invalid with a roast" file="./spec/models/bean_spec.rb" time="0.239579"></testcase>
<testcase classname="spec.models.bean_spec" name="Bean search bean for keyword" file="./spec/models/bean_spec.rb" time="0.612328"></testcase>
<testcase classname="spec.models.contact_spec" name="Contact is valid with a name" file="./spec/models/contact_spec.rb" time="0.003777"></testcase>
<testcase classname="spec.models.contact_spec" name="Contact is valid with a email" file="./spec/models/contact_spec.rb" time="0.004253"></testcase>
<testcase classname="spec.models.contact_spec" name="Contact is valid with a content" file="./spec/models/contact_spec.rb" time="0.007729"></testcase>
<testcase classname="spec.models.like_spec" name="Like find product_like and bean_like" file="./spec/models/like_spec.rb" time="0.539540"></testcase>
<testcase classname="spec.models.message_spec" name="Message is valid with a message" file="./spec/models/message_spec.rb" time="0.395913"></testcase>
<testcase classname="spec.models.message_spec" name="Message get messages associated a room" file="./spec/models/message_spec.rb" time="0.375977"></testcase>
<testcase classname="spec.models.message_spec" name="Message get receiver" file="./spec/models/message_spec.rb" time="0.390887"></testcase>
<testcase classname="spec.models.notification_spec" name="Notification get unckecked" file="./spec/models/notification_spec.rb" time="0.424015"></testcase>
<testcase classname="spec.models.notification_spec" name="Notification is sender for source user" file="./spec/models/notification_spec.rb" time="0.370385"></testcase>
<testcase classname="spec.models.notification_spec" name="Notification is update checked" file="./spec/models/notification_spec.rb" time="0.372445"></testcase>
<testcase classname="spec.models.product_spec" name="Product sort likes counts" file="./spec/models/product_spec.rb" time="0.716939"></testcase>
<testcase classname="spec.models.product_spec" name="Product search product name for keywords" file="./spec/models/product_spec.rb" time="0.656443"></testcase>
<testcase classname="spec.models.product_spec" name="Product validate product name presence" file="./spec/models/product_spec.rb" time="0.281055"></testcase>
<testcase classname="spec.models.product_spec" name="Product validate product price presence" file="./spec/models/product_spec.rb" time="0.254340"></testcase>
<testcase classname="spec.models.product_spec" name="Product validate product shopname presence" file="./spec/models/product_spec.rb" time="0.252469"></testcase>
<testcase classname="spec.models.product_spec" name="Product validate product caption presence" file="./spec/models/product_spec.rb" time="0.269383"></testcase>
<testcase classname="spec.models.recipe_spec" name="Recipe set time" file="./spec/models/recipe_spec.rb" time="0.423772"></testcase>
<testcase classname="spec.models.review_like_spec" name="Like get review_likes accosiated a review" file="./spec/models/review_like_spec.rb" time="0.575396"></testcase>
<testcase classname="spec.models.review_spec" name="Review get latest review" file="./spec/models/review_spec.rb" time="0.389408"></testcase>
<testcase classname="spec.models.review_spec" name="Review get reviews associated with product" file="./spec/models/review_spec.rb" time="0.505989"></testcase>
<testcase classname="spec.models.review_spec" name="Review get reviews associated with user" file="./spec/models/review_spec.rb" time="0.531347"></testcase>
<testcase classname="spec.models.review_spec" name="Review get unreported reviews" file="./spec/models/review_spec.rb" time="0.543334"></testcase>
<testcase classname="spec.models.review_spec" name="Review validation is invalid with a title" file="./spec/models/review_spec.rb" time="0.371087"></testcase>
<testcase classname="spec.models.review_spec" name="Review validation is invalid with a content" file="./spec/models/review_spec.rb" time="0.458146"></testcase>
<testcase classname="spec.models.review_spec" name="Review validation is invalid with a rate" file="./spec/models/review_spec.rb" time="0.345035"></testcase>
<testcase classname="spec.models.review_spec" name="Review validation is invalid with a rate for 0" file="./spec/models/review_spec.rb" time="0.332479"></testcase>
<testcase classname="spec.models.review_spec" name="Review validation is invalid with a rate for 6" file="./spec/models/review_spec.rb" time="0.414960"></testcase>
<testcase classname="spec.models.room_spec" name="Room class method find_room(user,user1)" file="./spec/models/room_spec.rb" time="0.365196"></testcase>
<testcase classname="spec.models.room_spec" name="Room class method room_new(user,user1)" file="./spec/models/room_spec.rb" time="0.346808"></testcase>
<testcase classname="spec.models.room_spec" name="Room class method room_new(user1,user2)" file="./spec/models/room_spec.rb" time="0.326993"></testcase>
<testcase classname="spec.models.room_spec" name="Room instance method another_user" file="./spec/models/room_spec.rb" time="0.354366"></testcase>
<testcase classname="spec.models.room_spec" name="Room instance method check_participant(1 &lt; 2)" file="./spec/models/room_spec.rb" time="0.384375"></testcase>
<testcase classname="spec.models.room_spec" name="Room instance method check_participant(2 &gt; 1)" file="./spec/models/room_spec.rb" time="0.325534"></testcase>
<testcase classname="spec.models.tag_spec" name="Tag scope tag_search" file="./spec/models/tag_spec.rb" time="0.027481"></testcase>
<testcase classname="spec.models.tag_spec" name="Tag scope tag_search(nil)" file="./spec/models/tag_spec.rb" time="0.015451"></testcase>
<testcase classname="spec.models.user_spec" name="User validate username" file="./spec/models/user_spec.rb" time="0.147998"></testcase>
<testcase classname="spec.models.user_spec" name="User following user" file="./spec/models/user_spec.rb" time="0.353059"></testcase>
<testcase classname="spec.models.user_spec" name="User find user" file="./spec/models/user_spec.rb" time="0.170353"></testcase>
<testcase classname="spec.models.user_spec" name="User create guest user" file="./spec/models/user_spec.rb" time="0.020488"></testcase>
<testcase classname="spec.models.user_spec" name="User where review likes review" file="./spec/models/user_spec.rb" time="0.371671"></testcase>
<testcase classname="spec.models.user_spec" name="User where review likes bean_review" file="./spec/models/user_spec.rb" time="0.352651"></testcase>
<testcase classname="spec.models.user_spec" name="User where review likes other" file="./spec/models/user_spec.rb" time="0.353433"></testcase>
<testcase classname="spec.models.user_spec" name="User create_or_update_history create products history" file="./spec/models/user_spec.rb" time="0.354322"></testcase>
<testcase classname="spec.models.user_spec" name="User create_or_update_history create beans history" file="./spec/models/user_spec.rb" time="0.372460"></testcase>
<testcase classname="spec.models.user_spec" name="User create_or_update_history update products history" file="./spec/models/user_spec.rb" time="0.367756"></testcase>
<testcase classname="spec.models.user_spec" name="User create_or_update_history don&apos;t create history and return nil" file="./spec/models/user_spec.rb" time="0.471225"></testcase>
<testcase classname="spec.requests.admin.bean_like_spec" name="Admin BeanLike created resource" file="./spec/requests/admin/bean_like_spec.rb" time="0.738514"></testcase>
<testcase classname="spec.requests.admin.bean_review_like_spec" name="Admin BeanReviewLike created resource" file="./spec/requests/admin/bean_review_like_spec.rb" time="0.573409"></testcase>
<testcase classname="spec.requests.admin.bean_review_spec" name="Admin BeanReview created resource" file="./spec/requests/admin/bean_review_spec.rb" time="0.497944"></testcase>
<testcase classname="spec.requests.admin.bean_spec" name="Admin Bean created resource" file="./spec/requests/admin/bean_spec.rb" time="0.493130"></testcase>
<testcase classname="spec.requests.admin.contact_spec" name="Admin Contact created resource" file="./spec/requests/admin/contact_spec.rb" time="0.127406"></testcase>
<testcase classname="spec.requests.admin.history_spec" name="Admin History created resource(product)" file="./spec/requests/admin/history_spec.rb" time="0.892829"></testcase>
<testcase classname="spec.requests.admin.history_spec" name="Admin History created resource(bean)" file="./spec/requests/admin/history_spec.rb" time="0.638751"></testcase>
<testcase classname="spec.requests.admin.message_spec" name="Admin Message created resource" file="./spec/requests/admin/message_spec.rb" time="0.532435"></testcase>
<testcase classname="spec.requests.admin.notification_spec" name="Admin Notification created resource" file="./spec/requests/admin/notification_spec.rb" time="0.487876"></testcase>
<testcase classname="spec.requests.admin.product_like_spec" name="Admin BeanLike created resource" file="./spec/requests/admin/product_like_spec.rb" time="0.547191"></testcase>
<testcase classname="spec.requests.admin.product_review_like_spec" name="Admin ProductReviewLike created resource" file="./spec/requests/admin/product_review_like_spec.rb" time="0.473040"></testcase>
<testcase classname="spec.requests.admin.product_spec" name="Admin Product created resource" file="./spec/requests/admin/product_spec.rb" time="0.462931"></testcase>
<testcase classname="spec.requests.admin.recipe_spec" name="Admin Recipe created resource" file="./spec/requests/admin/recipe_spec.rb" time="0.745881"></testcase>
<testcase classname="spec.requests.admin.relationship_spec" name="Admin Relationship created resource" file="./spec/requests/admin/relationship_spec.rb" time="0.755759"></testcase>
<testcase classname="spec.requests.admin.report_spec" name="Admin Report created resource(review)" file="./spec/requests/admin/report_spec.rb" time="1.980016"></testcase>
<testcase classname="spec.requests.admin.report_spec" name="Admin Report created resource(bean_review)" file="./spec/requests/admin/report_spec.rb" time="4.515052"></testcase>
<testcase classname="spec.requests.admin.review_spec" name="Admin Review created resource" file="./spec/requests/admin/review_spec.rb" time="1.684686"></testcase>
<testcase classname="spec.requests.admin.room_spec" name="Admin Room created resource" file="./spec/requests/admin/room_spec.rb" time="1.138695"></testcase>
<testcase classname="spec.requests.admin.user_spec" name="Admin User created resource" file="./spec/requests/admin/user_spec.rb" time="0.203385"></testcase>
<testcase classname="spec.requests.api.tags_spec" name="Api Tag request success(keyword present)" file="./spec/requests/api/tags_spec.rb" time="0.169318"></testcase>
<testcase classname="spec.requests.api.tags_spec" name="Api Tag request success(keyword nil)" file="./spec/requests/api/tags_spec.rb" time="0.109355"></testcase>
<testcase classname="spec.requests.bean_reviews_spec" name="BeanReviews POST create request success" file="./spec/requests/bean_reviews_spec.rb" time="0.182830"><failure message="expected the response to have status code :found (302) but it was :see_other (303)" type="RSpec::Expectations::ExpectationNotMetError">Failure/Error: expect(response).to have_http_status(:found)
  expected the response to have status code :found (302) but it was :see_other (303)
./spec/requests/bean_reviews_spec.rb:19:in `block (3 levels) in &lt;top (required)&gt;&apos;</failure></testcase>
<testcase classname="spec.requests.bean_reviews_spec" name="BeanReviews POST create review created" file="./spec/requests/bean_reviews_spec.rb" time="0.128336"></testcase>
<testcase classname="spec.requests.beans_spec" name="Beans GET /new when login request success" file="./spec/requests/beans_spec.rb" time="0.563574"></testcase>
<testcase classname="spec.requests.beans_spec" name="Beans GET /new when not login request fail" file="./spec/requests/beans_spec.rb" time="0.102929"></testcase>
<testcase classname="spec.requests.beans_spec" name="Beans GET /create when login request success" file="./spec/requests/beans_spec.rb" time="0.259902"><failure message="expected the response to have status code :found (302) but it was :see_other (303)" type="RSpec::Expectations::ExpectationNotMetError">Failure/Error: expect(response).to have_http_status(:found)
  expected the response to have status code :found (302) but it was :see_other (303)
./spec/requests/beans_spec.rb:38:in `block (4 levels) in &lt;top (required)&gt;&apos;</failure></testcase>
<testcase classname="spec.requests.beans_spec" name="Beans GET /create when login created bean" file="./spec/requests/beans_spec.rb" time="0.259790"></testcase>
<testcase classname="spec.requests.beans_spec" name="Beans GET /create when not login request fail" file="./spec/requests/beans_spec.rb" time="0.103006"></testcase>
<testcase classname="spec.requests.beans_spec" name="Beans GET /bean/:id request success" file="./spec/requests/beans_spec.rb" time="0.534048"></testcase>
<testcase classname="spec.requests.beans_spec" name="Beans GET /bean/:id request fail" file="./spec/requests/beans_spec.rb" time="0.109416"><failure message="expected the response to have status code :found (302) but it was :see_other (303)" type="RSpec::Expectations::ExpectationNotMetError">Failure/Error: expect(response).to have_http_status(:found)
  expected the response to have status code :found (302) but it was :see_other (303)
./spec/requests/beans_spec.rb:64:in `block (3 levels) in &lt;top (required)&gt;&apos;</failure></testcase>
<testcase classname="spec.requests.beans_spec" name="Beans GET /index request success" file="./spec/requests/beans_spec.rb" time="0.567394"></testcase>
<testcase classname="spec.requests.contacts_spec" name="Contacts GET /new returns http success" file="./spec/requests/contacts_spec.rb" time="0.366244"></testcase>
<testcase classname="spec.requests.contacts_spec" name="Contacts POST /create returns http success" file="./spec/requests/contacts_spec.rb" time="0.130553"><failure message="expected the response to have status code :found (302) but it was :see_other (303)" type="RSpec::Expectations::ExpectationNotMetError">Failure/Error: expect(response).to have_http_status(:found)
  expected the response to have status code :found (302) but it was :see_other (303)
./spec/requests/contacts_spec.rb:17:in `block (3 levels) in &lt;top (required)&gt;&apos;</failure></testcase>
<testcase classname="spec.requests.contacts_spec" name="Contacts POST /create created contact" file="./spec/requests/contacts_spec.rb" time="0.102875"></testcase>
<testcase classname="spec.requests.histories_spec" name="Histories GET /index when login request success" file="./spec/requests/histories_spec.rb" time="0.515936"></testcase>
<testcase classname="spec.requests.histories_spec" name="Histories GET /index when not login request fail" file="./spec/requests/histories_spec.rb" time="0.125371"></testcase>
<testcase classname="spec.requests.likes_spec" name="Likes POST create request success" file="./spec/requests/likes_spec.rb" time="0.160424"><failure message="expected the response to have status code :ok (200) but it was :see_other (303)" type="RSpec::Expectations::ExpectationNotMetError">Failure/Error: expect(response).to have_http_status(:ok)
  expected the response to have status code :ok (200) but it was :see_other (303)
./spec/requests/likes_spec.rb:18:in `block (3 levels) in &lt;top (required)&gt;&apos;</failure></testcase>
<testcase classname="spec.requests.likes_spec" name="Likes POST create created product_like success" file="./spec/requests/likes_spec.rb" time="0.121486"></testcase>
<testcase classname="spec.requests.likes_spec" name="Likes POST create count up product likes_count" file="./spec/requests/likes_spec.rb" time="0.124491"></testcase>
<testcase classname="spec.requests.likes_spec" name="Likes POST create created bean_like success" file="./spec/requests/likes_spec.rb" time="0.138801"></testcase>
<testcase classname="spec.requests.likes_spec" name="Likes POST create count up bean likes_count" file="./spec/requests/likes_spec.rb" time="0.110148"></testcase>
<testcase classname="spec.requests.likes_spec" name="Likes DELETE destroy request success" file="./spec/requests/likes_spec.rb" time="0.122336"><failure message="undefined method `liked_id&apos; for nil:NilClass

    @liked = get_liked(params[:type], @like.liked_id)
                                           ^^^^^^^^^" type="NoMethodError">Failure/Error: @liked = get_liked(params[:type], @like.liked_id)

NoMethodError:
  undefined method `liked_id&apos; for nil:NilClass

      @liked = get_liked(params[:type], @like.liked_id)
                                             ^^^^^^^^^
./app/controllers/likes_controller.rb:24:in `destroy&apos;
/usr/local/bundle/gems/actiontext-6.1.6.1/lib/action_text/rendering.rb:20:in `with_renderer&apos;
/usr/local/bundle/gems/actiontext-6.1.6.1/lib/action_text/engine.rb:59:in `block (4 levels) in &lt;class:Engine&gt;&apos;
/usr/local/bundle/gems/warden-1.2.9/lib/warden/manager.rb:36:in `block in call&apos;
/usr/local/bundle/gems/warden-1.2.9/lib/warden/manager.rb:34:in `catch&apos;
/usr/local/bundle/gems/warden-1.2.9/lib/warden/manager.rb:34:in `call&apos;
/usr/local/bundle/gems/rack-2.2.4/lib/rack/tempfile_reaper.rb:15:in `call&apos;
/usr/local/bundle/gems/rack-2.2.4/lib/rack/etag.rb:27:in `call&apos;
/usr/local/bundle/gems/rack-2.2.4/lib/rack/conditional_get.rb:40:in `call&apos;
/usr/local/bundle/gems/rack-2.2.4/lib/rack/head.rb:12:in `call&apos;
/usr/local/bundle/gems/rack-2.2.4/lib/rack/session/abstract/id.rb:266:in `context&apos;
/usr/local/bundle/gems/rack-2.2.4/lib/rack/session/abstract/id.rb:260:in `call&apos;
/usr/local/bundle/gems/railties-6.1.6.1/lib/rails/rack/logger.rb:37:in `call_app&apos;
/usr/local/bundle/gems/railties-6.1.6.1/lib/rails/rack/logger.rb:26:in `block in call&apos;
/usr/local/bundle/gems/railties-6.1.6.1/lib/rails/rack/logger.rb:26:in `call&apos;
/usr/local/bundle/gems/request_store-1.5.1/lib/request_store/middleware.rb:19:in `call&apos;
/usr/local/bundle/gems/rack-2.2.4/lib/rack/method_override.rb:24:in `call&apos;
/usr/local/bundle/gems/rack-2.2.4/lib/rack/runtime.rb:22:in `call&apos;
/usr/local/bundle/gems/rack-2.2.4/lib/rack/sendfile.rb:110:in `call&apos;
/usr/local/bundle/gems/rack-cors-1.1.1/lib/rack/cors.rb:100:in `call&apos;
/usr/local/bundle/gems/vite_ruby-3.2.3/lib/vite_ruby/dev_server_proxy.rb:22:in `perform_request&apos;
/usr/local/bundle/gems/rack-proxy-0.7.2/lib/rack/proxy.rb:67:in `call&apos;
/usr/local/bundle/gems/railties-6.1.6.1/lib/rails/engine.rb:539:in `call&apos;
/usr/local/bundle/gems/rack-test-2.0.2/lib/rack/test.rb:358:in `process_request&apos;
/usr/local/bundle/gems/rack-test-2.0.2/lib/rack/test.rb:155:in `request&apos;
./spec/requests/likes_spec.rb:53:in `block (3 levels) in &lt;top (required)&gt;&apos;</failure></testcase>
<testcase classname="spec.requests.likes_spec" name="Likes DELETE destroy destroy product_like success" file="./spec/requests/likes_spec.rb" time="0.119176"><failure message="undefined method `liked_id&apos; for nil:NilClass

    @liked = get_liked(params[:type], @like.liked_id)
                                           ^^^^^^^^^" type="NoMethodError">Failure/Error: @liked = get_liked(params[:type], @like.liked_id)

NoMethodError:
  undefined method `liked_id&apos; for nil:NilClass

      @liked = get_liked(params[:type], @like.liked_id)
                                             ^^^^^^^^^
./app/controllers/likes_controller.rb:24:in `destroy&apos;
/usr/local/bundle/gems/actiontext-6.1.6.1/lib/action_text/rendering.rb:20:in `with_renderer&apos;
/usr/local/bundle/gems/actiontext-6.1.6.1/lib/action_text/engine.rb:59:in `block (4 levels) in &lt;class:Engine&gt;&apos;
/usr/local/bundle/gems/warden-1.2.9/lib/warden/manager.rb:36:in `block in call&apos;
/usr/local/bundle/gems/warden-1.2.9/lib/warden/manager.rb:34:in `catch&apos;
/usr/local/bundle/gems/warden-1.2.9/lib/warden/manager.rb:34:in `call&apos;
/usr/local/bundle/gems/rack-2.2.4/lib/rack/tempfile_reaper.rb:15:in `call&apos;
/usr/local/bundle/gems/rack-2.2.4/lib/rack/etag.rb:27:in `call&apos;
/usr/local/bundle/gems/rack-2.2.4/lib/rack/conditional_get.rb:40:in `call&apos;
/usr/local/bundle/gems/rack-2.2.4/lib/rack/head.rb:12:in `call&apos;
/usr/local/bundle/gems/rack-2.2.4/lib/rack/session/abstract/id.rb:266:in `context&apos;
/usr/local/bundle/gems/rack-2.2.4/lib/rack/session/abstract/id.rb:260:in `call&apos;
/usr/local/bundle/gems/railties-6.1.6.1/lib/rails/rack/logger.rb:37:in `call_app&apos;
/usr/local/bundle/gems/railties-6.1.6.1/lib/rails/rack/logger.rb:26:in `block in call&apos;
/usr/local/bundle/gems/railties-6.1.6.1/lib/rails/rack/logger.rb:26:in `call&apos;
/usr/local/bundle/gems/request_store-1.5.1/lib/request_store/middleware.rb:19:in `call&apos;
/usr/local/bundle/gems/rack-2.2.4/lib/rack/method_override.rb:24:in `call&apos;
/usr/local/bundle/gems/rack-2.2.4/lib/rack/runtime.rb:22:in `call&apos;
/usr/local/bundle/gems/rack-2.2.4/lib/rack/sendfile.rb:110:in `call&apos;
/usr/local/bundle/gems/rack-cors-1.1.1/lib/rack/cors.rb:100:in `call&apos;
/usr/local/bundle/gems/vite_ruby-3.2.3/lib/vite_ruby/dev_server_proxy.rb:22:in `perform_request&apos;
/usr/local/bundle/gems/rack-proxy-0.7.2/lib/rack/proxy.rb:67:in `call&apos;
/usr/local/bundle/gems/railties-6.1.6.1/lib/rails/engine.rb:539:in `call&apos;
/usr/local/bundle/gems/rack-test-2.0.2/lib/rack/test.rb:358:in `process_request&apos;
/usr/local/bundle/gems/rack-test-2.0.2/lib/rack/test.rb:155:in `request&apos;
./spec/requests/likes_spec.rb:59:in `block (4 levels) in &lt;top (required)&gt;&apos;
./spec/requests/likes_spec.rb:58:in `block (3 levels) in &lt;top (required)&gt;&apos;</failure></testcase>
<testcase classname="spec.requests.likes_spec" name="Likes DELETE destroy destroy bean_like success" file="./spec/requests/likes_spec.rb" time="0.136258"><failure message="undefined method `decorate&apos; for nil:NilClass

      klass.find_by(id: params_id).decorate
                                  ^^^^^^^^^" type="NoMethodError">Failure/Error: klass.find_by(id: params_id).decorate

NoMethodError:
  undefined method `decorate&apos; for nil:NilClass

        klass.find_by(id: params_id).decorate
                                    ^^^^^^^^^
./app/controllers/likes_controller.rb:55:in `get_liked&apos;
./app/controllers/likes_controller.rb:24:in `destroy&apos;
/usr/local/bundle/gems/actiontext-6.1.6.1/lib/action_text/rendering.rb:20:in `with_renderer&apos;
/usr/local/bundle/gems/actiontext-6.1.6.1/lib/action_text/engine.rb:59:in `block (4 levels) in &lt;class:Engine&gt;&apos;
/usr/local/bundle/gems/warden-1.2.9/lib/warden/manager.rb:36:in `block in call&apos;
/usr/local/bundle/gems/warden-1.2.9/lib/warden/manager.rb:34:in `catch&apos;
/usr/local/bundle/gems/warden-1.2.9/lib/warden/manager.rb:34:in `call&apos;
/usr/local/bundle/gems/rack-2.2.4/lib/rack/tempfile_reaper.rb:15:in `call&apos;
/usr/local/bundle/gems/rack-2.2.4/lib/rack/etag.rb:27:in `call&apos;
/usr/local/bundle/gems/rack-2.2.4/lib/rack/conditional_get.rb:40:in `call&apos;
/usr/local/bundle/gems/rack-2.2.4/lib/rack/head.rb:12:in `call&apos;
/usr/local/bundle/gems/rack-2.2.4/lib/rack/session/abstract/id.rb:266:in `context&apos;
/usr/local/bundle/gems/rack-2.2.4/lib/rack/session/abstract/id.rb:260:in `call&apos;
/usr/local/bundle/gems/railties-6.1.6.1/lib/rails/rack/logger.rb:37:in `call_app&apos;
/usr/local/bundle/gems/railties-6.1.6.1/lib/rails/rack/logger.rb:26:in `block in call&apos;
/usr/local/bundle/gems/railties-6.1.6.1/lib/rails/rack/logger.rb:26:in `call&apos;
/usr/local/bundle/gems/request_store-1.5.1/lib/request_store/middleware.rb:19:in `call&apos;
/usr/local/bundle/gems/rack-2.2.4/lib/rack/method_override.rb:24:in `call&apos;
/usr/local/bundle/gems/rack-2.2.4/lib/rack/runtime.rb:22:in `call&apos;
/usr/local/bundle/gems/rack-2.2.4/lib/rack/sendfile.rb:110:in `call&apos;
/usr/local/bundle/gems/rack-cors-1.1.1/lib/rack/cors.rb:100:in `call&apos;
/usr/local/bundle/gems/vite_ruby-3.2.3/lib/vite_ruby/dev_server_proxy.rb:22:in `perform_request&apos;
/usr/local/bundle/gems/rack-proxy-0.7.2/lib/rack/proxy.rb:67:in `call&apos;
/usr/local/bundle/gems/railties-6.1.6.1/lib/rails/engine.rb:539:in `call&apos;
/usr/local/bundle/gems/rack-test-2.0.2/lib/rack/test.rb:358:in `process_request&apos;
/usr/local/bundle/gems/rack-test-2.0.2/lib/rack/test.rb:155:in `request&apos;
./spec/requests/likes_spec.rb:65:in `block (4 levels) in &lt;top (required)&gt;&apos;
./spec/requests/likes_spec.rb:64:in `block (3 levels) in &lt;top (required)&gt;&apos;</failure></testcase>
<testcase classname="spec.requests.likes_spec" name="Likes GET index request success" file="./spec/requests/likes_spec.rb" time="0.431222"></testcase>
<testcase classname="spec.requests.messages_spec" name="Messages POST create request message" file="./spec/requests/messages_spec.rb" time="0.137169"></testcase>
<testcase classname="spec.requests.messages_spec" name="Messages POST create created message" file="./spec/requests/messages_spec.rb" time="0.129774"></testcase>
<testcase classname="spec.requests.news_spec" name="News GET /news request success" file="./spec/requests/news_spec.rb" time="0.329655"></testcase>
<testcase classname="spec.requests.news_spec" name="News POST /news requests success" file="./spec/requests/news_spec.rb" time="0.098249"><failure message="expected the response to have status code :found (302) but it was :see_other (303)" type="RSpec::Expectations::ExpectationNotMetError">Failure/Error: expect(response).to have_http_status(:found)
  expected the response to have status code :found (302) but it was :see_other (303)
./spec/requests/news_spec.rb:23:in `block (3 levels) in &lt;top (required)&gt;&apos;</failure></testcase>
<testcase classname="spec.requests.news_spec" name="News POST /news created news" file="./spec/requests/news_spec.rb" time="0.103961"></testcase>
<testcase classname="spec.requests.news_spec" name="News POST /news created failed" file="./spec/requests/news_spec.rb" time="0.339385"></testcase>
<testcase classname="spec.requests.news_spec" name="News GET /news/new request success" file="./spec/requests/news_spec.rb" time="0.294129"></testcase>
<testcase classname="spec.requests.news_spec" name="News GET /news/:id/edit request success" file="./spec/requests/news_spec.rb" time="0.325088"></testcase>
<testcase classname="spec.requests.news_spec" name="News GET /news/:id request success" file="./spec/requests/news_spec.rb" time="0.319766"></testcase>
<testcase classname="spec.requests.news_spec" name="News PUT /news/:id request success" file="./spec/requests/news_spec.rb" time="0.158831"><failure message="expected the response to have status code :found (302) but it was :see_other (303)" type="RSpec::Expectations::ExpectationNotMetError">Failure/Error: expect(response).to have_http_status(:found)
  expected the response to have status code :found (302) but it was :see_other (303)
./spec/requests/news_spec.rb:74:in `block (3 levels) in &lt;top (required)&gt;&apos;</failure></testcase>
<testcase classname="spec.requests.news_spec" name="News PUT /news/:id updated news" file="./spec/requests/news_spec.rb" time="0.138718"></testcase>
<testcase classname="spec.requests.news_spec" name="News PUT /news/:id updated fail" file="./spec/requests/news_spec.rb" time="0.310212"></testcase>
<testcase classname="spec.requests.news_spec" name="News DELETE /news/:id request success" file="./spec/requests/news_spec.rb" time="0.119509"><failure message="expected the response to have status code :found (302) but it was :see_other (303)" type="RSpec::Expectations::ExpectationNotMetError">Failure/Error: expect(response).to have_http_status(:found)
  expected the response to have status code :found (302) but it was :see_other (303)
./spec/requests/news_spec.rb:96:in `block (3 levels) in &lt;top (required)&gt;&apos;</failure></testcase>
<testcase classname="spec.requests.news_spec" name="News DELETE /news/:id request fail" file="./spec/requests/news_spec.rb" time="0.090939"><failure message="expected the response to have status code :found (302) but it was :see_other (303)" type="RSpec::Expectations::ExpectationNotMetError">Failure/Error: expect(response).to have_http_status(:found)
  expected the response to have status code :found (302) but it was :see_other (303)
./spec/requests/news_spec.rb:101:in `block (3 levels) in &lt;top (required)&gt;&apos;</failure></testcase>
<testcase classname="spec.requests.news_spec" name="News DELETE /news/:id destroy news" file="./spec/requests/news_spec.rb" time="0.111135"></testcase>
<testcase classname="spec.requests.notifications_spec" name="Notifications GET /index request success" file="./spec/requests/notifications_spec.rb" time="0.668603"></testcase>
<testcase classname="spec.requests.passwords_spec" name="Passwords GET users/password/new request seccess" file="./spec/requests/passwords_spec.rb" time="0.371308"></testcase>
<testcase classname="spec.requests.passwords_spec" name="Passwords GET users/password/edit rquest seccess" file="./spec/requests/passwords_spec.rb" time="1.248791"></testcase>
<testcase classname="spec.requests.passwords_spec" name="Passwords POST users/password request seccess" file="./spec/requests/passwords_spec.rb" time="1.412209"></testcase>
<testcase classname="spec.requests.passwords_spec" name="Passwords PATCH users/password requests seccess" file="./spec/requests/passwords_spec.rb" time="0.785891"></testcase>
<testcase classname="spec.requests.products_spec" name="Products GET /products request success" file="./spec/requests/products_spec.rb" time="0.508219"></testcase>
<testcase classname="spec.requests.products_spec" name="Products GET /products request success(tag_name)" file="./spec/requests/products_spec.rb" time="0.985048"></testcase>
<testcase classname="spec.requests.products_spec" name="Products GET /products/new request success" file="./spec/requests/products_spec.rb" time="0.412333"></testcase>
<testcase classname="spec.requests.products_spec" name="Products POST /products request success" file="./spec/requests/products_spec.rb" time="0.338794"><failure message="expected the response to have status code :found (302) but it was :see_other (303)" type="RSpec::Expectations::ExpectationNotMetError">Failure/Error: expect(response).to have_http_status(:found)
  expected the response to have status code :found (302) but it was :see_other (303)
./spec/requests/products_spec.rb:40:in `block (3 levels) in &lt;top (required)&gt;&apos;</failure></testcase>
<testcase classname="spec.requests.products_spec" name="Products POST /products request fail" file="./spec/requests/products_spec.rb" time="0.449902"></testcase>
<testcase classname="spec.requests.products_spec" name="Products POST /products created product" file="./spec/requests/products_spec.rb" time="0.384356"></testcase>
<testcase classname="spec.requests.products_spec" name="Products GET /products/:id request success" file="./spec/requests/products_spec.rb" time="0.531963"></testcase>
<testcase classname="spec.requests.products_spec" name="Products GET /products/:id request fail" file="./spec/requests/products_spec.rb" time="0.121732"><failure message="expected the response to have status code :found (302) but it was :see_other (303)" type="RSpec::Expectations::ExpectationNotMetError">Failure/Error: expect(response).to have_http_status(:found)
  expected the response to have status code :found (302) but it was :see_other (303)
./spec/requests/products_spec.rb:63:in `block (3 levels) in &lt;top (required)&gt;&apos;</failure></testcase>
<testcase classname="spec.requests.recipe_spec" name="BeanReviews POST create request success" file="./spec/requests/recipe_spec.rb" time="0.591297"><failure message="expected the response to have status code :found (302) but it was :see_other (303)" type="RSpec::Expectations::ExpectationNotMetError">Failure/Error: expect(response).to have_http_status(:found)
  expected the response to have status code :found (302) but it was :see_other (303)
./spec/requests/recipe_spec.rb:19:in `block (3 levels) in &lt;top (required)&gt;&apos;</failure></testcase>
<testcase classname="spec.requests.recipe_spec" name="BeanReviews POST create review created" file="./spec/requests/recipe_spec.rb" time="0.505706"></testcase>
<testcase classname="spec.requests.registrations_spec" name="Registrations GET /users/sign_up request success" file="./spec/requests/registrations_spec.rb" time="0.360510"></testcase>
<testcase classname="spec.requests.registrations_spec" name="Registrations GET /users/edit request success" file="./spec/requests/registrations_spec.rb" time="0.587533"></testcase>
<testcase classname="spec.requests.registrations_spec" name="Registrations GET /users/:id/show request success(user)" file="./spec/requests/registrations_spec.rb" time="0.631749"></testcase>
<testcase classname="spec.requests.registrations_spec" name="Registrations GET /users/:id/show request success(user1)" file="./spec/requests/registrations_spec.rb" time="0.787857"></testcase>
<testcase classname="spec.requests.registrations_spec" name="Registrations POST /users request success" file="./spec/requests/registrations_spec.rb" time="0.113144"></testcase>
<testcase classname="spec.requests.registrations_spec" name="Registrations POST /users user created" file="./spec/requests/registrations_spec.rb" time="0.141584"></testcase>
<testcase classname="spec.requests.registrations_spec" name="Registrations DELETE /users requests success" file="./spec/requests/registrations_spec.rb" time="0.354666"></testcase>
<testcase classname="spec.requests.registrations_spec" name="Registrations DELETE /users user delete" file="./spec/requests/registrations_spec.rb" time="0.317273"></testcase>
<testcase classname="spec.requests.registrations_spec" name="Registrations PATCH /users request success" file="./spec/requests/registrations_spec.rb" time="0.102021"></testcase>
<testcase classname="spec.requests.relationships_spec" name="Relationships POST create request success" file="./spec/requests/relationships_spec.rb" time="0.302943"><failure message="expected the response to have status code :ok (200) but it was :see_other (303)" type="RSpec::Expectations::ExpectationNotMetError">Failure/Error: expect(response).to have_http_status(:ok)
  expected the response to have status code :ok (200) but it was :see_other (303)
./spec/requests/relationships_spec.rb:16:in `block (3 levels) in &lt;top (required)&gt;&apos;</failure></testcase>
<testcase classname="spec.requests.relationships_spec" name="Relationships POST create created relationship" file="./spec/requests/relationships_spec.rb" time="0.272892"></testcase>
<testcase classname="spec.requests.relationships_spec" name="Relationships DELETE destroy request success" file="./spec/requests/relationships_spec.rb" time="0.276174"><failure message="expected the response to have status code :ok (200) but it was :see_other (303)" type="RSpec::Expectations::ExpectationNotMetError">Failure/Error: expect(response).to have_http_status(:ok)
  expected the response to have status code :ok (200) but it was :see_other (303)
./spec/requests/relationships_spec.rb:35:in `block (3 levels) in &lt;top (required)&gt;&apos;</failure></testcase>
<testcase classname="spec.requests.relationships_spec" name="Relationships DELETE destroy destroy relationship" file="./spec/requests/relationships_spec.rb" time="0.308277"></testcase>
<testcase classname="spec.requests.reports_spec" name="Reports GET /create request success(review)" file="./spec/requests/reports_spec.rb" time="0.398185"><failure message="expected the response to have status code :ok (200) but it was :see_other (303)" type="RSpec::Expectations::ExpectationNotMetError">Failure/Error: expect(response).to have_http_status(:ok)
  expected the response to have status code :ok (200) but it was :see_other (303)
./spec/requests/reports_spec.rb:18:in `block (3 levels) in &lt;top (required)&gt;&apos;</failure></testcase>
<testcase classname="spec.requests.reports_spec" name="Reports GET /create request success(bean_review)" file="./spec/requests/reports_spec.rb" time="0.272868"><failure message="expected the response to have status code :ok (200) but it was :see_other (303)" type="RSpec::Expectations::ExpectationNotMetError">Failure/Error: expect(response).to have_http_status(:ok)
  expected the response to have status code :ok (200) but it was :see_other (303)
./spec/requests/reports_spec.rb:23:in `block (3 levels) in &lt;top (required)&gt;&apos;</failure></testcase>
<testcase classname="spec.requests.reports_spec" name="Reports GET /create created report success(reivew)" file="./spec/requests/reports_spec.rb" time="0.291797"></testcase>
<testcase classname="spec.requests.reports_spec" name="Reports GET /create created report success(bean_reivew)" file="./spec/requests/reports_spec.rb" time="0.285500"></testcase>
<testcase classname="spec.requests.review_likes_spec" name="ReviewLikes POST /create request success(product)" file="./spec/requests/review_likes_spec.rb" time="0.138531"><failure message="expected the response to have status code :ok (200) but it was :see_other (303)" type="RSpec::Expectations::ExpectationNotMetError">Failure/Error: expect(response).to have_http_status(:ok)
  expected the response to have status code :ok (200) but it was :see_other (303)
./spec/requests/review_likes_spec.rb:20:in `block (3 levels) in &lt;top (required)&gt;&apos;</failure></testcase>
<testcase classname="spec.requests.review_likes_spec" name="ReviewLikes POST /create created like success(product)" file="./spec/requests/review_likes_spec.rb" time="0.120955"></testcase>
<testcase classname="spec.requests.review_likes_spec" name="ReviewLikes POST /create request success(bean)" file="./spec/requests/review_likes_spec.rb" time="0.117313"><failure message="expected the response to have status code :ok (200) but it was :see_other (303)" type="RSpec::Expectations::ExpectationNotMetError">Failure/Error: expect(response).to have_http_status(:ok)
  expected the response to have status code :ok (200) but it was :see_other (303)
./spec/requests/review_likes_spec.rb:31:in `block (3 levels) in &lt;top (required)&gt;&apos;</failure></testcase>
<testcase classname="spec.requests.review_likes_spec" name="ReviewLikes POST /create created like success(bean)" file="./spec/requests/review_likes_spec.rb" time="0.121030"></testcase>
<testcase classname="spec.requests.review_likes_spec" name="ReviewLikes DETELE /destroy returns http success(prodcut)" file="./spec/requests/review_likes_spec.rb" time="0.136668"><failure message="expected the response to have status code :ok (200) but it was :see_other (303)" type="RSpec::Expectations::ExpectationNotMetError">Failure/Error: expect(response).to have_http_status(:ok)
  expected the response to have status code :ok (200) but it was :see_other (303)
./spec/requests/review_likes_spec.rb:49:in `block (3 levels) in &lt;top (required)&gt;&apos;</failure></testcase>
<testcase classname="spec.requests.review_likes_spec" name="ReviewLikes DETELE /destroy destroy like success(product)" file="./spec/requests/review_likes_spec.rb" time="0.115855"></testcase>
<testcase classname="spec.requests.review_likes_spec" name="ReviewLikes DETELE /destroy returns http success(bean)" file="./spec/requests/review_likes_spec.rb" time="0.123085"><failure message="expected the response to have status code :ok (200) but it was :see_other (303)" type="RSpec::Expectations::ExpectationNotMetError">Failure/Error: expect(response).to have_http_status(:ok)
  expected the response to have status code :ok (200) but it was :see_other (303)
./spec/requests/review_likes_spec.rb:61:in `block (3 levels) in &lt;top (required)&gt;&apos;</failure></testcase>
<testcase classname="spec.requests.review_likes_spec" name="ReviewLikes DETELE /destroy destroy like success(bean)" file="./spec/requests/review_likes_spec.rb" time="0.123149"></testcase>
<testcase classname="spec.requests.reviews_spec" name="Reviews POST create request success" file="./spec/requests/reviews_spec.rb" time="0.518627"><failure message="expected the response to have status code :found (302) but it was :see_other (303)" type="RSpec::Expectations::ExpectationNotMetError">Failure/Error: expect(response).to have_http_status(:found)
  expected the response to have status code :found (302) but it was :see_other (303)
./spec/requests/reviews_spec.rb:18:in `block (3 levels) in &lt;top (required)&gt;&apos;</failure></testcase>
<testcase classname="spec.requests.reviews_spec" name="Reviews POST create review created" file="./spec/requests/reviews_spec.rb" time="0.563792"></testcase>
<testcase classname="spec.requests.rooms_spec" name="Rooms GET index request success" file="./spec/requests/rooms_spec.rb" time="0.449856"></testcase>
<testcase classname="spec.requests.rooms_spec" name="Rooms GET new request success" file="./spec/requests/rooms_spec.rb" time="0.495896"></testcase>
<testcase classname="spec.requests.rooms_spec" name="Rooms GET new serach success" file="./spec/requests/rooms_spec.rb" time="0.454404"></testcase>
<testcase classname="spec.requests.rooms_spec" name="Rooms GET show request success" file="./spec/requests/rooms_spec.rb" time="0.378592"></testcase>
<testcase classname="spec.requests.rooms_spec" name="Rooms POST create request success" file="./spec/requests/rooms_spec.rb" time="0.109235"><failure message="expected the response to have status code :found (302) but it was :see_other (303)" type="RSpec::Expectations::ExpectationNotMetError">Failure/Error: expect(response).to have_http_status(:found)
  expected the response to have status code :found (302) but it was :see_other (303)
./spec/requests/rooms_spec.rb:63:in `block (3 levels) in &lt;top (required)&gt;&apos;</failure></testcase>
<testcase classname="spec.requests.rooms_spec" name="Rooms POST create created room" file="./spec/requests/rooms_spec.rb" time="0.096344"></testcase>
<testcase classname="spec.requests.sessions_spec" name="Sessions GET users/sign_in request success" file="./spec/requests/sessions_spec.rb" time="0.326961"></testcase>
<testcase classname="spec.requests.sessions_spec" name="Sessions POST users/sign_in request success" file="./spec/requests/sessions_spec.rb" time="0.109656"></testcase>
<testcase classname="spec.requests.sessions_spec" name="Sessions DELELTE users/sign_out requests success" file="./spec/requests/sessions_spec.rb" time="0.110119"></testcase>
<testcase classname="spec.requests.tags_spec" name="Tags PATCH /tag request success(product)" file="./spec/requests/tags_spec.rb" time="0.438187"></testcase>
<testcase classname="spec.requests.tags_spec" name="Tags PATCH /tag request success(bean)" file="./spec/requests/tags_spec.rb" time="0.417033"></testcase>
<testcase classname="spec.system.admin.admin_user_spec" name="Admin admin_user admin user displayed index" file="./spec/system/admin/admin_user_spec.rb" time="0.909628"></testcase>
<testcase classname="spec.system.admin.admin_user_spec" name="Admin admin_user admin user created admin" file="./spec/system/admin/admin_user_spec.rb" time="1.531068"></testcase>
<testcase classname="spec.system.admin.admin_user_spec" name="Admin admin_user admin user displayed show" file="./spec/system/admin/admin_user_spec.rb" time="1.035429"></testcase>
<testcase classname="spec.system.admin.admin_user_spec" name="Admin admin_user admin user delete resource" file="./spec/system/admin/admin_user_spec.rb" time="1.509687"></testcase>
<testcase classname="spec.system.admin.bean_like_spec" name="Admin bean_like bean_like displayed index" file="./spec/system/admin/bean_like_spec.rb" time="1.168234"></testcase>
<testcase classname="spec.system.admin.bean_like_spec" name="Admin bean_like bean_like displayed show" file="./spec/system/admin/bean_like_spec.rb" time="1.381349"></testcase>
<testcase classname="spec.system.admin.bean_like_spec" name="Admin bean_like bean_like delete resource" file="./spec/system/admin/bean_like_spec.rb" time="1.710642"></testcase>
<testcase classname="spec.system.admin.bean_review_like_spec" name="Admin bean_review_like bean_review_like displayed index" file="./spec/system/admin/bean_review_like_spec.rb" time="1.227929"></testcase>
<testcase classname="spec.system.admin.bean_review_like_spec" name="Admin bean_review_like bean_review_like displayed show" file="./spec/system/admin/bean_review_like_spec.rb" time="1.379441"></testcase>
<testcase classname="spec.system.admin.bean_review_like_spec" name="Admin bean_review_like bean_review_like delete resource" file="./spec/system/admin/bean_review_like_spec.rb" time="1.788920"></testcase>
<testcase classname="spec.system.admin.bean_review_spec" name="Admin bean_review bean_review displayed index" file="./spec/system/admin/bean_review_spec.rb" time="1.247182"></testcase>
<testcase classname="spec.system.admin.bean_review_spec" name="Admin bean_review bean_review displayed show" file="./spec/system/admin/bean_review_spec.rb" time="1.547762"></testcase>
<testcase classname="spec.system.admin.bean_review_spec" name="Admin bean_review bean_review delete resource" file="./spec/system/admin/bean_review_spec.rb" time="1.868922"></testcase>
<testcase classname="spec.system.admin.bean_spec" name="Admin bean bean displayed index" file="./spec/system/admin/bean_spec.rb" time="0.927258"></testcase>
<testcase classname="spec.system.admin.bean_spec" name="Admin bean bean displayed show" file="./spec/system/admin/bean_spec.rb" time="1.471166"></testcase>
<testcase classname="spec.system.admin.bean_spec" name="Admin bean bean delete resource" file="./spec/system/admin/bean_spec.rb" time="1.819630"></testcase>
<testcase classname="spec.system.admin.dashboard_spec" name="Admin dashboard dashboard when logged in display dashborad" file="./spec/system/admin/dashboard_spec.rb" time="0.780527"></testcase>
<testcase classname="spec.system.admin.dashboard_spec" name="Admin dashboard dashboard when not logged in after sign in page login success" file="./spec/system/admin/dashboard_spec.rb" time="0.536628"></testcase>
<testcase classname="spec.system.admin.history_spec" name="Admin history history displayed index" file="./spec/system/admin/history_spec.rb" time="1.361988"></testcase>
<testcase classname="spec.system.admin.history_spec" name="Admin history history displayed show(product)" file="./spec/system/admin/history_spec.rb" time="1.656100"></testcase>
<testcase classname="spec.system.admin.history_spec" name="Admin history history displayed show(bean)" file="./spec/system/admin/history_spec.rb" time="1.680430"></testcase>
<testcase classname="spec.system.admin.history_spec" name="Admin history history delete resource" file="./spec/system/admin/history_spec.rb" time="2.086302"></testcase>
<testcase classname="spec.system.admin.notification_spec" name="Admin Notifications notification displayed index" file="./spec/system/admin/notification_spec.rb" time="1.207167"></testcase>
<testcase classname="spec.system.admin.notification_spec" name="Admin Notifications notification created notification" file="./spec/system/admin/notification_spec.rb" time="1.709854"></testcase>
<testcase classname="spec.system.admin.notification_spec" name="Admin Notifications notification displayed show(follow)" file="./spec/system/admin/notification_spec.rb" time="1.325109"></testcase>
<testcase classname="spec.system.admin.notification_spec" name="Admin Notifications notification delete resource" file="./spec/system/admin/notification_spec.rb" time="1.972399"></testcase>
<testcase classname="spec.system.admin.product_like_spec" name="Admin product_like product_like displayed index" file="./spec/system/admin/product_like_spec.rb" time="1.253249"></testcase>
<testcase classname="spec.system.admin.product_like_spec" name="Admin product_like product_like displayed show" file="./spec/system/admin/product_like_spec.rb" time="1.715954"></testcase>
<testcase classname="spec.system.admin.product_like_spec" name="Admin product_like product_like delete resource" file="./spec/system/admin/product_like_spec.rb" time="1.870352"></testcase>
<testcase classname="spec.system.admin.product_review_like_spec" name="Admin product_review_like product_review_like displayed index" file="./spec/system/admin/product_review_like_spec.rb" time="1.385676"></testcase>
<testcase classname="spec.system.admin.product_review_like_spec" name="Admin product_review_like product_review_like displayed show" file="./spec/system/admin/product_review_like_spec.rb" time="2.316630"></testcase>
<testcase classname="spec.system.admin.product_review_like_spec" name="Admin product_review_like product_review_like delete resource" file="./spec/system/admin/product_review_like_spec.rb" time="1.914721"></testcase>
<testcase classname="spec.system.admin.product_spec" name="Admin product product displayed index" file="./spec/system/admin/product_spec.rb" time="1.226715"></testcase>
<testcase classname="spec.system.admin.product_spec" name="Admin product product created product" file="./spec/system/admin/product_spec.rb" time="2.038993"></testcase>
<testcase classname="spec.system.admin.product_spec" name="Admin product product displayed show" file="./spec/system/admin/product_spec.rb" time="1.396418"></testcase>
<testcase classname="spec.system.admin.product_spec" name="Admin product product delete resource" file="./spec/system/admin/product_spec.rb" time="1.787603"></testcase>
<testcase classname="spec.system.admin.relationship_spec" name="Admin relationship relationship displayed index" file="./spec/system/admin/relationship_spec.rb" time="1.134421"></testcase>
<testcase classname="spec.system.admin.relationship_spec" name="Admin relationship relationship displayed show" file="./spec/system/admin/relationship_spec.rb" time="1.496694"></testcase>
<testcase classname="spec.system.admin.relationship_spec" name="Admin relationship relationship delete resource" file="./spec/system/admin/relationship_spec.rb" time="1.691308"></testcase>
<testcase classname="spec.system.admin.report_spec" name="Admin report report displayed index" file="./spec/system/admin/report_spec.rb" time="1.424817"></testcase>
<testcase classname="spec.system.admin.report_spec" name="Admin report report created admin" file="./spec/system/admin/report_spec.rb" time="2.227731"></testcase>
<testcase classname="spec.system.admin.report_spec" name="Admin report report displayed show(review)" file="./spec/system/admin/report_spec.rb" time="1.741939"></testcase>
<testcase classname="spec.system.admin.report_spec" name="Admin report report displayed show(bean_review)" file="./spec/system/admin/report_spec.rb" time="1.994428"></testcase>
<testcase classname="spec.system.admin.report_spec" name="Admin report report delete resource" file="./spec/system/admin/report_spec.rb" time="2.416612"></testcase>
<testcase classname="spec.system.admin.review_spec" name="Admin review review displayed index" file="./spec/system/admin/review_spec.rb" time="1.192625"></testcase>
<testcase classname="spec.system.admin.review_spec" name="Admin review review displayed" file="./spec/system/admin/review_spec.rb" time="1.474429"></testcase>
<testcase classname="spec.system.admin.review_spec" name="Admin review review delete resource" file="./spec/system/admin/review_spec.rb" time="1.779777"></testcase>
<testcase classname="spec.system.admin.user_spec" name="Admin user user displayed index" file="./spec/system/admin/user_spec.rb" time="1.623425"></testcase>
<testcase classname="spec.system.admin.user_spec" name="Admin user user created user" file="./spec/system/admin/user_spec.rb" time="2.300998"></testcase>
<testcase classname="spec.system.admin.user_spec" name="Admin user user displayed show" file="./spec/system/admin/user_spec.rb" time="1.772006"></testcase>
<testcase classname="spec.system.admin.user_spec" name="Admin user user delete resource" file="./spec/system/admin/user_spec.rb" time="2.192001"></testcase>
<testcase classname="spec.system.bean_reviews_spec" name="BeanReviews create when login created success" file="./spec/system/bean_reviews_spec.rb" time="2.107073"></testcase>
<testcase classname="spec.system.bean_reviews_spec" name="BeanReviews create when login not created success" file="./spec/system/bean_reviews_spec.rb" time="2.146121"></testcase>
<testcase classname="spec.system.bean_reviews_spec" name="BeanReviews create when not login is not render review_form" file="./spec/system/bean_reviews_spec.rb" time="0.687759"></testcase>
<testcase classname="spec.system.beans_spec" name="Beans new when login create bean" file="./spec/system/beans_spec.rb" time="2.255626"></testcase>
<testcase classname="spec.system.beans_spec" name="Beans new when login not create bean" file="./spec/system/beans_spec.rb" time="1.867506"></testcase>
<testcase classname="spec.system.beans_spec" name="Beans new when not login redirect sign_in" file="./spec/system/beans_spec.rb" time="0.445589"></testcase>
<testcase classname="spec.system.beans_spec" name="Beans index displayed bean1" file="./spec/system/beans_spec.rb" time="1.325443"></testcase>
<testcase classname="spec.system.beans_spec" name="Beans show display test" file="./spec/system/beans_spec.rb" time="1.269594"></testcase>
<testcase classname="spec.system.beans_spec" name="Beans show redirect index(bean not exists)" file="./spec/system/beans_spec.rb" time="0.943220"></testcase>
<testcase classname="spec.system.contacts_spec" name="Contacts new when to succeed created contact" file="./spec/system/contacts_spec.rb" time="0.345110"><failure message="Ambiguous match, found 2 elements matching visible link or button &quot;&quot;" type="Capybara::Ambiguous">Failure/Error: click_on &apos;&apos;

Capybara::Ambiguous:
  Ambiguous match, found 2 elements matching visible link or button &quot;&quot;
/usr/local/bundle/gems/capybara-3.37.1/lib/capybara/node/finders.rb:308:in `block in synced_resolve&apos;
/usr/local/bundle/gems/capybara-3.37.1/lib/capybara/node/base.rb:83:in `synchronize&apos;
/usr/local/bundle/gems/capybara-3.37.1/lib/capybara/node/finders.rb:299:in `synced_resolve&apos;
/usr/local/bundle/gems/capybara-3.37.1/lib/capybara/node/finders.rb:60:in `find&apos;
/usr/local/bundle/gems/capybara-3.37.1/lib/capybara/node/actions.rb:26:in `click_link_or_button&apos;
/usr/local/bundle/gems/capybara-3.37.1/lib/capybara/session.rb:771:in `click_on&apos;
/usr/local/bundle/gems/capybara-3.37.1/lib/capybara/dsl.rb:52:in `call&apos;
/usr/local/bundle/gems/capybara-3.37.1/lib/capybara/dsl.rb:52:in `click_on&apos;
./spec/system/contacts_spec.rb:14:in `block (4 levels) in &lt;top (required)&gt;&apos;</failure></testcase>
<testcase classname="spec.system.contacts_spec" name="Contacts new when to succeed redirect root" file="./spec/system/contacts_spec.rb" time="0.335357"><failure message="Ambiguous match, found 2 elements matching visible link or button &quot;&quot;" type="Capybara::Ambiguous">Failure/Error: click_on &apos;&apos;

Capybara::Ambiguous:
  Ambiguous match, found 2 elements matching visible link or button &quot;&quot;
/usr/local/bundle/gems/capybara-3.37.1/lib/capybara/node/finders.rb:308:in `block in synced_resolve&apos;
/usr/local/bundle/gems/capybara-3.37.1/lib/capybara/node/base.rb:83:in `synchronize&apos;
/usr/local/bundle/gems/capybara-3.37.1/lib/capybara/node/finders.rb:299:in `synced_resolve&apos;
/usr/local/bundle/gems/capybara-3.37.1/lib/capybara/node/finders.rb:60:in `find&apos;
/usr/local/bundle/gems/capybara-3.37.1/lib/capybara/node/actions.rb:26:in `click_link_or_button&apos;
/usr/local/bundle/gems/capybara-3.37.1/lib/capybara/session.rb:771:in `click_on&apos;
/usr/local/bundle/gems/capybara-3.37.1/lib/capybara/dsl.rb:52:in `call&apos;
/usr/local/bundle/gems/capybara-3.37.1/lib/capybara/dsl.rb:52:in `click_on&apos;
./spec/system/contacts_spec.rb:23:in `block (4 levels) in &lt;top (required)&gt;&apos;</failure></testcase>
<testcase classname="spec.system.contacts_spec" name="Contacts new when to fail is blank name" file="./spec/system/contacts_spec.rb" time="0.332675"><failure message="Ambiguous match, found 2 elements matching visible link or button &quot;&quot;" type="Capybara::Ambiguous">Failure/Error: click_on &apos;&apos;

Capybara::Ambiguous:
  Ambiguous match, found 2 elements matching visible link or button &quot;&quot;
/usr/local/bundle/gems/capybara-3.37.1/lib/capybara/node/finders.rb:308:in `block in synced_resolve&apos;
/usr/local/bundle/gems/capybara-3.37.1/lib/capybara/node/base.rb:83:in `synchronize&apos;
/usr/local/bundle/gems/capybara-3.37.1/lib/capybara/node/finders.rb:299:in `synced_resolve&apos;
/usr/local/bundle/gems/capybara-3.37.1/lib/capybara/node/finders.rb:60:in `find&apos;
/usr/local/bundle/gems/capybara-3.37.1/lib/capybara/node/actions.rb:26:in `click_link_or_button&apos;
/usr/local/bundle/gems/capybara-3.37.1/lib/capybara/session.rb:771:in `click_on&apos;
/usr/local/bundle/gems/capybara-3.37.1/lib/capybara/dsl.rb:52:in `call&apos;
/usr/local/bundle/gems/capybara-3.37.1/lib/capybara/dsl.rb:52:in `click_on&apos;
./spec/system/contacts_spec.rb:34:in `block (4 levels) in &lt;top (required)&gt;&apos;</failure></testcase>
<testcase classname="spec.system.contacts_spec" name="Contacts new when to fail is blank email" file="./spec/system/contacts_spec.rb" time="0.320216"><failure message="Ambiguous match, found 2 elements matching visible link or button &quot;&quot;" type="Capybara::Ambiguous">Failure/Error: click_on &apos;&apos;

Capybara::Ambiguous:
  Ambiguous match, found 2 elements matching visible link or button &quot;&quot;
/usr/local/bundle/gems/capybara-3.37.1/lib/capybara/node/finders.rb:308:in `block in synced_resolve&apos;
/usr/local/bundle/gems/capybara-3.37.1/lib/capybara/node/base.rb:83:in `synchronize&apos;
/usr/local/bundle/gems/capybara-3.37.1/lib/capybara/node/finders.rb:299:in `synced_resolve&apos;
/usr/local/bundle/gems/capybara-3.37.1/lib/capybara/node/finders.rb:60:in `find&apos;
/usr/local/bundle/gems/capybara-3.37.1/lib/capybara/node/actions.rb:26:in `click_link_or_button&apos;
/usr/local/bundle/gems/capybara-3.37.1/lib/capybara/session.rb:771:in `click_on&apos;
/usr/local/bundle/gems/capybara-3.37.1/lib/capybara/dsl.rb:52:in `call&apos;
/usr/local/bundle/gems/capybara-3.37.1/lib/capybara/dsl.rb:52:in `click_on&apos;
./spec/system/contacts_spec.rb:43:in `block (4 levels) in &lt;top (required)&gt;&apos;</failure></testcase>
<testcase classname="spec.system.contacts_spec" name="Contacts new when to fail is blank content" file="./spec/system/contacts_spec.rb" time="0.350063"><failure message="Ambiguous match, found 2 elements matching visible link or button &quot;&quot;" type="Capybara::Ambiguous">Failure/Error: click_on &apos;&apos;

Capybara::Ambiguous:
  Ambiguous match, found 2 elements matching visible link or button &quot;&quot;
/usr/local/bundle/gems/capybara-3.37.1/lib/capybara/node/finders.rb:308:in `block in synced_resolve&apos;
/usr/local/bundle/gems/capybara-3.37.1/lib/capybara/node/base.rb:83:in `synchronize&apos;
/usr/local/bundle/gems/capybara-3.37.1/lib/capybara/node/finders.rb:299:in `synced_resolve&apos;
/usr/local/bundle/gems/capybara-3.37.1/lib/capybara/node/finders.rb:60:in `find&apos;
/usr/local/bundle/gems/capybara-3.37.1/lib/capybara/node/actions.rb:26:in `click_link_or_button&apos;
/usr/local/bundle/gems/capybara-3.37.1/lib/capybara/session.rb:771:in `click_on&apos;
/usr/local/bundle/gems/capybara-3.37.1/lib/capybara/dsl.rb:52:in `call&apos;
/usr/local/bundle/gems/capybara-3.37.1/lib/capybara/dsl.rb:52:in `click_on&apos;
./spec/system/contacts_spec.rb:52:in `block (4 levels) in &lt;top (required)&gt;&apos;</failure></testcase>
<testcase classname="spec.system.history_spec" name="History index when login render history" file="./spec/system/history_spec.rb" time="1.842859"></testcase>
<testcase classname="spec.system.history_spec" name="History index when not login redirect sign_in" file="./spec/system/history_spec.rb" time="0.952881"></testcase>
<testcase classname="spec.system.history_spec" name="History create create history(product)" file="./spec/system/history_spec.rb" time="1.861126"></testcase>
<testcase classname="spec.system.history_spec" name="History create not create history(product)" file="./spec/system/history_spec.rb" time="1.755978"></testcase>
<testcase classname="spec.system.history_spec" name="History create create history(bean)" file="./spec/system/history_spec.rb" time="2.036848"></testcase>
<testcase classname="spec.system.history_spec" name="History create not create history(bean)" file="./spec/system/history_spec.rb" time="2.258878"></testcase>
<testcase classname="spec.system.history_spec" name="History create check the order of history" file="./spec/system/history_spec.rb" time="2.834265"></testcase>
<testcase classname="spec.system.likes_spec" name="Likes index render product" file="./spec/system/likes_spec.rb" time="3.745515"></testcase>
<testcase classname="spec.system.likes_spec" name="Likes create when login click like button(product)" file="./spec/system/likes_spec.rb" time="2.939743"></testcase>
<testcase classname="spec.system.likes_spec" name="Likes create when login click like button(bean)" file="./spec/system/likes_spec.rb" time="2.672391"></testcase>
<testcase classname="spec.system.likes_spec" name="Likes create when not login not render like button" file="./spec/system/likes_spec.rb" time="1.036493"></testcase>
<testcase classname="spec.system.likes_spec" name="Likes destroy when login click like destroy button(product)" file="./spec/system/likes_spec.rb" time="4.958668"><failure message="Unable to find link nil with href &quot;/likes/1451?type=ProductLike&quot;" type="Capybara::ElementNotFound">Failure/Error: click_link nil, href: like_path(product_like.id, type: product_like.type)

Capybara::ElementNotFound:
  Unable to find link nil with href &quot;/likes/1451?type=ProductLike&quot;


[Screenshot Image]: /coffee-oma/tmp/screenshots/failures_r_spec_example_groups_likes_2_destroy_when_login_click_like_destroy_button(product)_716.png



/usr/local/bundle/gems/capybara-3.37.1/lib/capybara/node/finders.rb:310:in `block in synced_resolve&apos;
/usr/local/bundle/gems/capybara-3.37.1/lib/capybara/node/base.rb:83:in `synchronize&apos;
/usr/local/bundle/gems/capybara-3.37.1/lib/capybara/node/finders.rb:299:in `synced_resolve&apos;
/usr/local/bundle/gems/capybara-3.37.1/lib/capybara/node/finders.rb:60:in `find&apos;
/usr/local/bundle/gems/capybara-3.37.1/lib/capybara/node/actions.rb:42:in `click_link&apos;
/usr/local/bundle/gems/capybara-3.37.1/lib/capybara/session.rb:771:in `click_link&apos;
/usr/local/bundle/gems/capybara-3.37.1/lib/capybara/dsl.rb:52:in `call&apos;
/usr/local/bundle/gems/capybara-3.37.1/lib/capybara/dsl.rb:52:in `click_link&apos;
./spec/system/likes_spec.rb:63:in `block (4 levels) in &lt;top (required)&gt;&apos;</failure></testcase>
<testcase classname="spec.system.likes_spec" name="Likes destroy when login click like destroy button(bean)" file="./spec/system/likes_spec.rb" time="5.089259"><failure message="Unable to find link nil with href &quot;/likes/1454?type=BeanLike&quot;" type="Capybara::ElementNotFound">Failure/Error: click_link nil, href: like_path(bean_like.id, type: bean_like.type)

Capybara::ElementNotFound:
  Unable to find link nil with href &quot;/likes/1454?type=BeanLike&quot;


[Screenshot Image]: /coffee-oma/tmp/screenshots/failures_r_spec_example_groups_likes_2_destroy_when_login_click_like_destroy_button(bean)_8.png



/usr/local/bundle/gems/capybara-3.37.1/lib/capybara/node/finders.rb:310:in `block in synced_resolve&apos;
/usr/local/bundle/gems/capybara-3.37.1/lib/capybara/node/base.rb:83:in `synchronize&apos;
/usr/local/bundle/gems/capybara-3.37.1/lib/capybara/node/finders.rb:299:in `synced_resolve&apos;
/usr/local/bundle/gems/capybara-3.37.1/lib/capybara/node/finders.rb:60:in `find&apos;
/usr/local/bundle/gems/capybara-3.37.1/lib/capybara/node/actions.rb:42:in `click_link&apos;
/usr/local/bundle/gems/capybara-3.37.1/lib/capybara/session.rb:771:in `click_link&apos;
/usr/local/bundle/gems/capybara-3.37.1/lib/capybara/dsl.rb:52:in `call&apos;
/usr/local/bundle/gems/capybara-3.37.1/lib/capybara/dsl.rb:52:in `click_link&apos;
./spec/system/likes_spec.rb:69:in `block (4 levels) in &lt;top (required)&gt;&apos;</failure></testcase>
<testcase classname="spec.system.likes_spec" name="Likes destroy when not login not render button" file="./spec/system/likes_spec.rb" time="0.893208"></testcase>
<testcase classname="spec.system.messages_spec" name="Messages create create message" file="./spec/system/messages_spec.rb" time="4.575384"></testcase>
<testcase classname="spec.system.messages_spec" name="Messages create not create message" file="./spec/system/messages_spec.rb" time="3.229963"></testcase>
<testcase classname="spec.system.news_spec" name="News index displayed news" file="./spec/system/news_spec.rb" time="0.448807"></testcase>
<testcase classname="spec.system.news_spec" name="News show display news adn new1" file="./spec/system/news_spec.rb" time="0.893295"></testcase>
<testcase classname="spec.system.news_spec" name="News show display fail" file="./spec/system/news_spec.rb" time="0.771962"></testcase>
<testcase classname="spec.system.news_spec" name="News new when login create news" file="./spec/system/news_spec.rb" time="4.759970"></testcase>
<testcase classname="spec.system.news_spec" name="News new when not login redirect sign_in" file="./spec/system/news_spec.rb" time="0.604543"></testcase>
<testcase classname="spec.system.news_spec" name="News edit when login edit news" file="./spec/system/news_spec.rb" time="3.959780"></testcase>
<testcase classname="spec.system.news_spec" name="News edit when not login redirect sign_in" file="./spec/system/news_spec.rb" time="0.473995"></testcase>
<testcase classname="spec.system.notifications_spec" name="Notifications index when login have notification_icon and render page, then no have notification" file="./spec/system/notifications_spec.rb" time="3.382377"></testcase>
<testcase classname="spec.system.notifications_spec" name="Notifications index when not login not render page" file="./spec/system/notifications_spec.rb" time="0.469587"></testcase>
<testcase classname="spec.system.notifications_spec" name="Notifications follow_notification render new_notification icon and render page, after not render new_notification icon" file="./spec/system/notifications_spec.rb" time="2.673889"></testcase>
<testcase classname="spec.system.notifications_spec" name="Notifications product_review_like_notification render new_notification icon and render page, after not render new_notification icon" file="./spec/system/notifications_spec.rb" time="2.628846"></testcase>
<testcase classname="spec.system.notifications_spec" name="Notifications bean_review_like_notification render new_notification icon and render page, after not render new_notification icon" file="./spec/system/notifications_spec.rb" time="2.743078"></testcase>
<testcase classname="spec.system.notifications_spec" name="Notifications message_notification render new_notification icon and render page, after not render new_notification icon" file="./spec/system/notifications_spec.rb" time="2.214104"></testcase>
<testcase classname="spec.system.products_spec" name="Products new when login create product and redirect to index" file="./spec/system/products_spec.rb" time="1.996135"></testcase>
<testcase classname="spec.system.products_spec" name="Products new when not login redirect sign_in" file="./spec/system/products_spec.rb" time="0.413680"></testcase>
<testcase classname="spec.system.products_spec" name="Products index displayed product and click render show" file="./spec/system/products_spec.rb" time="1.234114"></testcase>
<testcase classname="spec.system.products_spec" name="Products index search product" file="./spec/system/products_spec.rb" time="1.663878"></testcase>
<testcase classname="spec.system.products_spec" name="Products show when login display product and redirect to index" file="./spec/system/products_spec.rb" time="1.890702"></testcase>
<testcase classname="spec.system.products_spec" name="Products show when login redirect index(product not exists)" file="./spec/system/products_spec.rb" time="1.694028"></testcase>
<testcase classname="spec.system.products_spec" name="Products when not login not displayed" file="./spec/system/products_spec.rb" time="0.004345"></testcase>
<testcase classname="spec.system.recipes_spec" name="Recipes create when login created success" file="./spec/system/recipes_spec.rb" time="2.226186"></testcase>
<testcase classname="spec.system.recipes_spec" name="Recipes create when login not created success" file="./spec/system/recipes_spec.rb" time="2.136547"></testcase>
<testcase classname="spec.system.recipes_spec" name="Recipes create when not login is not render review_form" file="./spec/system/recipes_spec.rb" time="0.902956"></testcase>
<testcase classname="spec.system.registrations_spec" name="Registrations sign_up when success displayed message" file="./spec/system/registrations_spec.rb" time="2.987207"></testcase>
<testcase classname="spec.system.registrations_spec" name="Registrations sign_up when fail name empty" file="./spec/system/registrations_spec.rb" time="1.582010"></testcase>
<testcase classname="spec.system.registrations_spec" name="Registrations sign_up when fail email empty" file="./spec/system/registrations_spec.rb" time="1.416802"></testcase>
<testcase classname="spec.system.registrations_spec" name="Registrations sign_up when fail checkbox empty" file="./spec/system/registrations_spec.rb" time="1.732787"></testcase>
<testcase classname="spec.system.registrations_spec" name="Registrations sign_up when fail password is short" file="./spec/system/registrations_spec.rb" time="1.365733"></testcase>
<testcase classname="spec.system.registrations_spec" name="Registrations sign_up when fail confirmation password is incorrect" file="./spec/system/registrations_spec.rb" time="1.302247"></testcase>
<testcase classname="spec.system.registrations_spec" name="Registrations delete /users delete seccess" file="./spec/system/registrations_spec.rb" time="5.233970"><failure message="expected to find text &quot;&quot; in &quot;\n\n\n\n\n\nHome &gt; \n\n\n\n\n\n\n\n&quot;" type="RSpec::Expectations::ExpectationNotMetError">Failure/Error: expect(page).to have_content &apos;&apos;
  expected to find text &quot;&quot; in &quot;\n\n\n\n\n\nHome &gt; \n\n\n\n\n\n\n\n&quot;


[Screenshot Image]: /coffee-oma/tmp/screenshots/failures_r_spec_example_groups_registrations_2_delete_users_delete_seccess_345.png



./spec/system/registrations_spec.rb:89:in `block (3 levels) in &lt;top (required)&gt;&apos;</failure></testcase>
<testcase classname="spec.system.registrations_spec" name="Registrations delete /users when get login delete fail" file="./spec/system/registrations_spec.rb" time="5.117553"><failure message="expected to find text &quot;&quot; in &quot;\n\n\n\n\n\nHome &gt; \n\n\n\n\n\n\n\n&quot;" type="RSpec::Expectations::ExpectationNotMetError">Failure/Error: expect(page).to have_content &apos;&apos;
  expected to find text &quot;&quot; in &quot;\n\n\n\n\n\nHome &gt; \n\n\n\n\n\n\n\n&quot;


[Screenshot Image]: /coffee-oma/tmp/screenshots/failures_r_spec_example_groups_registrations_2_delete_users_when_get_login_delete_fail_934.png



./spec/system/registrations_spec.rb:100:in `block (3 levels) in &lt;top (required)&gt;&apos;</failure></testcase>
<testcase classname="spec.system.registrations_spec" name="Registrations get /users/edit when login when success displayed icon" file="./spec/system/registrations_spec.rb" time="2.128530"></testcase>
<testcase classname="spec.system.registrations_spec" name="Registrations get /users/edit when login when success change username" file="./spec/system/registrations_spec.rb" time="3.505992"></testcase>
<testcase classname="spec.system.registrations_spec" name="Registrations get /users/edit when login when success change email" file="./spec/system/registrations_spec.rb" time="3.789736"></testcase>
<testcase classname="spec.system.registrations_spec" name="Registrations get /users/edit when login when success change password" file="./spec/system/registrations_spec.rb" time="3.451618"></testcase>
<testcase classname="spec.system.registrations_spec" name="Registrations get /users/edit when login when fail not change username" file="./spec/system/registrations_spec.rb" time="2.344263"></testcase>
<testcase classname="spec.system.registrations_spec" name="Registrations get /users/edit when login when fail not change email" file="./spec/system/registrations_spec.rb" time="2.671077"></testcase>
<testcase classname="spec.system.registrations_spec" name="Registrations get /users/edit when login when fail not change password" file="./spec/system/registrations_spec.rb" time="2.835337"></testcase>
<testcase classname="spec.system.registrations_spec" name="Registrations get /users/edit when login when fail when get login delete fail" file="./spec/system/registrations_spec.rb" time="3.369150"></testcase>
<testcase classname="spec.system.registrations_spec" name="Registrations get /users/:id/show when login displayed icon" file="./spec/system/registrations_spec.rb" time="2.055506"></testcase>
<testcase classname="spec.system.registrations_spec" name="Registrations get /users/:id/show when not login not have link edit" file="./spec/system/registrations_spec.rb" time="0.747041"></testcase>
<testcase classname="spec.system.relationships_spec" name="Relationships when login create created relationship render follow" file="./spec/system/relationships_spec.rb" time="3.202673"></testcase>
<testcase classname="spec.system.relationships_spec" name="Relationships when login destroy destroy relationship" file="./spec/system/relationships_spec.rb" time="3.201393"></testcase>
<testcase classname="spec.system.relationships_spec" name="Relationships when not login is displayed follow button" file="./spec/system/relationships_spec.rb" time="0.796491"></testcase>
<testcase classname="spec.system.reports_spec" name="Reports when login review display button and click button" file="./spec/system/reports_spec.rb" time="4.408311"></testcase>
<testcase classname="spec.system.reports_spec" name="Reports when login bean_review display button and click button" file="./spec/system/reports_spec.rb" time="4.258109"></testcase>
<testcase classname="spec.system.reports_spec" name="Reports when not login not display report button" file="./spec/system/reports_spec.rb" time="0.952207"></testcase>
<testcase classname="spec.system.review_likes_spec" name="ReviewLikes when login create product_review_like display button and click button" file="./spec/system/review_likes_spec.rb" time="2.928292"></testcase>
<testcase classname="spec.system.review_likes_spec" name="ReviewLikes when login create bean_review_like display button and click button" file="./spec/system/review_likes_spec.rb" time="3.951911"></testcase>
<testcase classname="spec.system.review_likes_spec" name="ReviewLikes when login destroy product_review_like reder button and click button" file="./spec/system/review_likes_spec.rb" time="2.971244"></testcase>
<testcase classname="spec.system.review_likes_spec" name="ReviewLikes when login destroy bean_review_like reder button" file="./spec/system/review_likes_spec.rb" time="3.996191"></testcase>
<testcase classname="spec.system.review_likes_spec" name="ReviewLikes when not signed not render like button" file="./spec/system/review_likes_spec.rb" time="1.862210"></testcase>
<testcase classname="spec.system.reviews_spec" name="Reviews create when login success redirect product page and displayed review" file="./spec/system/reviews_spec.rb" time="2.198796"></testcase>
<testcase classname="spec.system.reviews_spec" name="Reviews create when login failure has blank title" file="./spec/system/reviews_spec.rb" time="2.140185"></testcase>
<testcase classname="spec.system.reviews_spec" name="Reviews create when login failure has blank content" file="./spec/system/reviews_spec.rb" time="2.141256"></testcase>
<testcase classname="spec.system.reviews_spec" name="Reviews create when login failure has blank rate" file="./spec/system/reviews_spec.rb" time="1.910678"></testcase>
<testcase classname="spec.system.reviews_spec" name="Reviews create when not login is not render review_form" file="./spec/system/reviews_spec.rb" time="0.668798"></testcase>
<testcase classname="spec.system.rooms_spec" name="Rooms when login index render page and render button" file="./spec/system/rooms_spec.rb" time="1.843665"></testcase>
<testcase classname="spec.system.rooms_spec" name="Rooms when login new created room(room not exists)" file="./spec/system/rooms_spec.rb" time="2.072533"></testcase>
<testcase classname="spec.system.rooms_spec" name="Rooms when login new created room(room exists)" file="./spec/system/rooms_spec.rb" time="1.903765"></testcase>
<testcase classname="spec.system.rooms_spec" name="Rooms when login new render page(no following)" file="./spec/system/rooms_spec.rb" time="1.360072"></testcase>
<testcase classname="spec.system.rooms_spec" name="Rooms when login show render page" file="./spec/system/rooms_spec.rb" time="1.663061"></testcase>
<testcase classname="spec.system.rooms_spec" name="Rooms when login show not included room" file="./spec/system/rooms_spec.rb" time="1.781877"></testcase>
<testcase classname="spec.system.rooms_spec" name="Rooms when login create created room" file="./spec/system/rooms_spec.rb" time="2.043429"></testcase>
<testcase classname="spec.system.rooms_spec" name="Rooms when not login not displayed message-label" file="./spec/system/rooms_spec.rb" time="0.605924"></testcase>
<testcase classname="spec.system.rooms_spec" name="Rooms when not login redirect sign_in page(index)" file="./spec/system/rooms_spec.rb" time="0.816547"></testcase>
<testcase classname="spec.system.rooms_spec" name="Rooms when not login redirect sign_in page(show)" file="./spec/system/rooms_spec.rb" time="0.759807"></testcase>
<testcase classname="spec.system.sessions_spec" name="Sessions sign_in when success successfully login" file="./spec/system/sessions_spec.rb" time="0.932640"></testcase>
<testcase classname="spec.system.sessions_spec" name="Sessions sign_in when fail is wrong passowrd" file="./spec/system/sessions_spec.rb" time="0.841674"></testcase>
<testcase classname="spec.system.sessions_spec" name="Sessions sign_in when fail is wrong email" file="./spec/system/sessions_spec.rb" time="0.838075"></testcase>
<testcase classname="spec.system.sessions_spec" name="Sessions sign_out is successfully sign_out" file="./spec/system/sessions_spec.rb" time="1.387040"></testcase>
<testcase classname="spec.system.tags_spec" name="Tags update when login update tag_list(product)" file="./spec/system/tags_spec.rb" time="2.939337"></testcase>
<testcase classname="spec.system.tags_spec" name="Tags update when login update all change tag_list(product)" file="./spec/system/tags_spec.rb" time="2.815019"></testcase>
<testcase classname="spec.system.tags_spec" name="Tags update when login update empty tag_list(product)" file="./spec/system/tags_spec.rb" time="2.788266"></testcase>
<testcase classname="spec.system.tags_spec" name="Tags update when login update tag_list(bean)" file="./spec/system/tags_spec.rb" time="2.856055"></testcase>
<testcase classname="spec.system.tags_spec" name="Tags update when login update all change tag_list(bean)" file="./spec/system/tags_spec.rb" time="2.836936"></testcase>
<testcase classname="spec.system.tags_spec" name="Tags update when login update empty tag_list(bean)" file="./spec/system/tags_spec.rb" time="2.811235"></testcase>
</testsuite>
